2025-09-20 14:53:55,939 - INFO - 🚀 LINKEDIN EASY APPLY AUTOMATION
2025-09-20 14:53:55,939 - INFO - 🎯 Applying to real LinkedIn jobs
2025-09-20 14:53:55,939 - INFO - ================================================================================
2025-09-20 14:53:55,939 - INFO - ====== WebDriver manager ======
2025-09-20 14:53:55,988 - INFO - Get LATEST chromedriver version for google-chrome
2025-09-20 14:53:56,053 - INFO - Get LATEST chromedriver version for google-chrome
2025-09-20 14:53:56,141 - INFO - Driver [/root/.wdm/drivers/chromedriver/linux64/139.0.7258.154/chromedriver-linux64/chromedriver] found in cache
2025-09-20 14:53:56,647 - INFO - ✅ WebDriver setup successfully
2025-09-20 14:53:56,647 - INFO - 🎯 Starting LinkedIn Easy Apply automation
2025-09-20 14:54:12,772 - ERROR - ❌ LinkedIn automation failed: Message: invalid selector: An invalid or illegal selector was specified
  (Session info: chrome=139.0.7258.154); For documentation on this error, please visit: https://www.selenium.dev/documentation/webdriver/troubleshooting/errors#invalidselectorexception
Stacktrace:
#0 0x55b0c2f1308a <unknown>
#1 0x55b0c29b2a70 <unknown>
#2 0x55b0c29b96bf <unknown>
#3 0x55b0c29bbf58 <unknown>
#4 0x55b0c29bbfe3 <unknown>
#5 0x55b0c2a04335 <unknown>
#6 0x55b0c2a04b01 <unknown>
#7 0x55b0c2a52d91 <unknown>
#8 0x55b0c2a2a40d <unknown>
#9 0x55b0c2a5014f <unknown>
#10 0x55b0c2a2a1b3 <unknown>
#11 0x55b0c29f659b <unknown>
#12 0x55b0c29f7971 <unknown>
#13 0x55b0c2ed825b <unknown>
#14 0x55b0c2edbfa9 <unknown>
#15 0x55b0c2ebf339 <unknown>
#16 0x55b0c2edcb58 <unknown>
#17 0x55b0c2ea3c1f <unknown>
#18 0x55b0c2f00118 <unknown>
#19 0x55b0c2f002f6 <unknown>
#20 0x55b0c2f12066 <unknown>
#21 0x7f8cd7292b7b <unknown>

2025-09-20 14:54:12,773 - INFO - ================================================================================
2025-09-20 14:54:12,773 - WARNING - ⚠️ No applications were submitted
