2025-09-22 23:50:27,898 - INFO - 🚀 STARTING ULTIMATE NEMETSCHEK AUTOMATION
2025-09-22 23:50:27,899 - INFO - 🎯 MISSION: Submit real job application with UI confirmation
2025-09-22 23:50:27,899 - INFO - ================================================================================
2025-09-22 23:50:28,177 - INFO - WebDriver setup successfully
2025-09-22 23:50:28,177 - INFO - 🌐 Navigating to Nemetschek careers page...
2025-09-22 23:50:37,415 - INFO - Screenshot saved: ultimate_nemetschek_applications/screenshots/careers_page_initial_235037.png
2025-09-22 23:50:37,415 - INFO - ✅ Successfully loaded careers page
2025-09-22 23:50:37,449 - INFO - Found Search Jobs button, clicking...
2025-09-22 23:50:42,622 - INFO - Screenshot saved: ultimate_nemetschek_applications/screenshots/after_search_jobs_click_235042.png
2025-09-22 23:50:42,622 - INFO - Successfully clicked Search Jobs button
2025-09-22 23:50:50,756 - INFO - Screenshot saved: ultimate_nemetschek_applications/screenshots/job_results_loaded_235050.png
2025-09-22 23:50:50,790 - INFO - Found job: Receptionist/ Team Assistant
2025-09-22 23:50:50,820 - INFO - Found job: Receptionist/ Team Assistant
2025-09-22 23:50:50,842 - INFO - Found job: Working Student HR/People
2025-09-22 23:50:50,861 - INFO - Found job: Working Student HR/People
2025-09-22 23:50:50,877 - INFO - Found job: Senior Product Manager Digital Twin
2025-09-22 23:50:50,894 - INFO - Found job: Senior Product Manager Digital Twin
2025-09-22 23:50:50,908 - INFO - Found job: Senior Program Manager
2025-09-22 23:50:50,941 - INFO - Found job: Senior Program Manager
2025-09-22 23:50:50,981 - INFO - Found job: Program Manager
2025-09-22 23:50:50,981 - INFO - Found 5 unique job opportunities
2025-09-22 23:50:50,981 - INFO - ✅ Found 5 job opportunities
2025-09-22 23:50:50,981 - INFO -   1. Receptionist/ Team Assistant
2025-09-22 23:50:50,981 - INFO -   2. Working Student HR/People
2025-09-22 23:50:50,981 - INFO -   3. Senior Product Manager Digital Twin
2025-09-22 23:50:50,981 - INFO -   4. Senior Program Manager
2025-09-22 23:50:50,981 - INFO -   5. Program Manager
2025-09-22 23:50:50,981 - INFO - 
🎯 PROCESSING JOB 1/3
2025-09-22 23:50:50,981 - INFO - 
============================================================
2025-09-22 23:50:50,981 - INFO - APPLYING TO: Receptionist/ Team Assistant
2025-09-22 23:50:50,981 - INFO - ============================================================
2025-09-22 23:50:50,981 - INFO - Attempting to click job: Receptionist/ Team Assistant
2025-09-22 23:50:52,050 - INFO - Successfully clicked job card directly
2025-09-22 23:50:55,187 - INFO - Screenshot saved: ultimate_nemetschek_applications/screenshots/job_detail_Receptionist/_Team_A_235055.png
2025-09-22 23:50:55,251 - WARNING - No apply button found
2025-09-22 23:50:55,251 - WARNING - No apply button found
2025-09-22 23:50:55,251 - WARNING - ❌ Application failed for Receptionist/ Team Assistant
2025-09-22 23:50:58,337 - INFO - Found Search Jobs button, clicking...
2025-09-22 23:51:03,503 - INFO - Screenshot saved: ultimate_nemetschek_applications/screenshots/after_search_jobs_click_235103.png
2025-09-22 23:51:03,503 - INFO - Successfully clicked Search Jobs button
2025-09-22 23:51:03,503 - INFO - 
🎯 PROCESSING JOB 2/3
2025-09-22 23:51:03,503 - INFO - 
============================================================
2025-09-22 23:51:03,503 - INFO - APPLYING TO: Working Student HR/People
2025-09-22 23:51:03,503 - INFO - ============================================================
2025-09-22 23:51:03,503 - INFO - Attempting to click job: Working Student HR/People
2025-09-22 23:51:03,506 - ERROR - Error clicking job card: Message: stale element reference: stale element not found
  (Session info: chrome=139.0.7258.154); For documentation on this error, please visit: https://www.selenium.dev/documentation/webdriver/troubleshooting/errors#staleelementreferenceexception
Stacktrace:
#0 0x558a1e1fe08a <unknown>
#1 0x558a1dc9da70 <unknown>
#2 0x558a1dcb10bb <unknown>
#3 0x558a1dcafe82 <unknown>
#4 0x558a1dca4fd9 <unknown>
#5 0x558a1dca5105 <unknown>
#6 0x558a1dca320f <unknown>
#7 0x558a1dca720a <unknown>
#8 0x558a1dd3c18e <unknown>
#9 0x558a1dd153e2 <unknown>
#10 0x558a1dd3b14f <unknown>
#11 0x558a1dd151b3 <unknown>
#12 0x558a1dce159b <unknown>
#13 0x558a1dce2971 <unknown>
#14 0x558a1e1c325b <unknown>
#15 0x558a1e1c6fa9 <unknown>
#16 0x558a1e1aa339 <unknown>
#17 0x558a1e1c7b58 <unknown>
#18 0x558a1e18ec1f <unknown>
#19 0x558a1e1eb118 <unknown>
#20 0x558a1e1eb2f6 <unknown>
#21 0x558a1e1fd066 <unknown>
#22 0x7fc833b78b7b <unknown>

2025-09-22 23:51:03,506 - WARNING - Failed to click job card
2025-09-22 23:51:03,506 - WARNING - ❌ Application failed for Working Student HR/People
2025-09-22 23:51:06,332 - INFO - Found Search Jobs button, clicking...
2025-09-22 23:51:11,512 - INFO - Screenshot saved: ultimate_nemetschek_applications/screenshots/after_search_jobs_click_235111.png
2025-09-22 23:51:11,512 - INFO - Successfully clicked Search Jobs button
2025-09-22 23:51:11,512 - INFO - 
🎯 PROCESSING JOB 3/3
2025-09-22 23:51:11,512 - INFO - 
============================================================
2025-09-22 23:51:11,512 - INFO - APPLYING TO: Senior Product Manager Digital Twin
2025-09-22 23:51:11,512 - INFO - ============================================================
2025-09-22 23:51:11,512 - INFO - Attempting to click job: Senior Product Manager Digital Twin
2025-09-22 23:51:11,515 - ERROR - Error clicking job card: Message: stale element reference: stale element not found
  (Session info: chrome=139.0.7258.154); For documentation on this error, please visit: https://www.selenium.dev/documentation/webdriver/troubleshooting/errors#staleelementreferenceexception
Stacktrace:
#0 0x558a1e1fe08a <unknown>
#1 0x558a1dc9da70 <unknown>
#2 0x558a1dcb10bb <unknown>
#3 0x558a1dcafe82 <unknown>
#4 0x558a1dca4fd9 <unknown>
#5 0x558a1dca5105 <unknown>
#6 0x558a1dca320f <unknown>
#7 0x558a1dca720a <unknown>
#8 0x558a1dd3c18e <unknown>
#9 0x558a1dd153e2 <unknown>
#10 0x558a1dd3b14f <unknown>
#11 0x558a1dd151b3 <unknown>
#12 0x558a1dce159b <unknown>
#13 0x558a1dce2971 <unknown>
#14 0x558a1e1c325b <unknown>
#15 0x558a1e1c6fa9 <unknown>
#16 0x558a1e1aa339 <unknown>
#17 0x558a1e1c7b58 <unknown>
#18 0x558a1e18ec1f <unknown>
#19 0x558a1e1eb118 <unknown>
#20 0x558a1e1eb2f6 <unknown>
#21 0x558a1e1fd066 <unknown>
#22 0x7fc833b78b7b <unknown>

2025-09-22 23:51:11,515 - WARNING - Failed to click job card
2025-09-22 23:51:11,515 - WARNING - ❌ Application failed for Senior Product Manager Digital Twin
2025-09-22 23:51:14,303 - INFO - Found Search Jobs button, clicking...
2025-09-22 23:51:19,475 - INFO - Screenshot saved: ultimate_nemetschek_applications/screenshots/after_search_jobs_click_235119.png
2025-09-22 23:51:19,475 - INFO - Successfully clicked Search Jobs button
2025-09-22 23:51:19,475 - ERROR - ❌ No successful applications completed
2025-09-22 23:51:19,475 - INFO - 
🔍 Browser remains open for manual verification...
2025-09-22 23:51:19,475 - INFO - 📸 Check screenshots in the output directory
2025-09-22 23:51:19,475 - INFO - 📋 Review logs for detailed process information
